生成启动时间为 2018/7/4 16:15:22。
     1>项目“E:\数据结构课程设计\keshe\keshe\keshe.vcxproj”在节点 2 上(build 个目标)。
     1>InitializeBuildStatus:
         正在创建“Debug\keshe.unsuccessfulbuild”，因为已指定“AlwaysCreate”。
       ClCompile:
         c:\Program Files\Microsoft Visual Studio 10.0\VC\bin\CL.exe /c /ZI /nologo /W3 /WX- /Od /Oy- /D _MBCS /Gm /EHsc /RTC1 /MDd /GS /fp:precise /Zc:wchar_t /Zc:forScope /Fo"Debug\\" /Fd"Debug\vc100.pdb" /Gd /TP /analyze- /errorReport:prompt Monkey.cpp
         Monkey.cpp
       Link:
         c:\Program Files\Microsoft Visual Studio 10.0\VC\bin\link.exe /ERRORREPORT:PROMPT /OUT:"E:\数据结构课程设计\keshe\Debug\keshe.exe" /NOLOGO kernel32.lib user32.lib gdi32.lib winspool.lib comdlg32.lib advapi32.lib shell32.lib ole32.lib oleaut32.lib uuid.lib odbc32.lib odbccp32.lib /MANIFEST /ManifestFile:"Debug\keshe.exe.intermediate.manifest" /MANIFESTUAC:"level='asInvoker' uiAccess='false'" /DEBUG /PDB:"E:\数据结构课程设计\keshe\Debug\keshe.pdb" /TLBID:1 /DYNAMICBASE /NXCOMPAT /IMPLIB:"E:\数据结构课程设计\keshe\Debug\keshe.lib" /MACHINE:X86 Debug\Card.obj
         Debug\main.obj
         Debug\Monkey.obj
         Debug\Sorts.obj
         LINK : 没有找到 E:\数据结构课程设计\keshe\Debug\keshe.exe 或上一个增量链接没有生成它；正在执行完全链接
         keshe.vcxproj -> E:\数据结构课程设计\keshe\Debug\keshe.exe
       Manifest:
         c:\Program Files\Microsoft SDKs\Windows\v7.0A\bin\mt.exe /nologo /verbose /outputresource:"E:\数据结构课程设计\keshe\Debug\keshe.exe;#1" /manifest Debug\keshe.exe.intermediate.manifest
       FinalizeBuildStatus:
         正在删除文件“Debug\keshe.unsuccessfulbuild”。
         正在对“Debug\keshe.lastbuildstate”执行 Touch 任务。
     1>已完成生成项目“E:\数据结构课程设计\keshe\keshe\keshe.vcxproj”(build 个目标)的操作。

生成成功。

已用时间 00:00:09.03
